f:\protobuf-2.5.0\vsprojects\debug\vc120.pdb
f:\protobuf-2.5.0\vsprojects\debug\vc120.idb
f:\protobuf-2.5.0\vsprojects\debug\tokenizer.obj
f:\protobuf-2.5.0\vsprojects\debug\zero_copy_stream.obj
f:\protobuf-2.5.0\vsprojects\debug\zero_copy_stream_impl.obj
f:\protobuf-2.5.0\vsprojects\debug\message.obj
f:\protobuf-2.5.0\vsprojects\debug\message_lite.obj
f:\protobuf-2.5.0\vsprojects\debug\reflection_ops.obj
f:\protobuf-2.5.0\vsprojects\debug\repeated_field.obj
f:\protobuf-2.5.0\vsprojects\debug\service.obj
f:\protobuf-2.5.0\vsprojects\debug\atomicops_internals_x86_msvc.obj
f:\protobuf-2.5.0\vsprojects\debug\common.obj
f:\protobuf-2.5.0\vsprojects\debug\once.obj
f:\protobuf-2.5.0\vsprojects\debug\stringprintf.obj
f:\protobuf-2.5.0\vsprojects\debug\structurally_valid.obj
f:\protobuf-2.5.0\vsprojects\debug\strutil.obj
f:\protobuf-2.5.0\vsprojects\debug\substitute.obj
f:\protobuf-2.5.0\vsprojects\debug\text_format.obj
f:\protobuf-2.5.0\vsprojects\debug\unknown_field_set.obj
f:\protobuf-2.5.0\vsprojects\debug\wire_format.obj
f:\protobuf-2.5.0\vsprojects\debug\wire_format_lite.obj
f:\protobuf-2.5.0\vsprojects\debug\importer.obj
f:\protobuf-2.5.0\vsprojects\debug\parser.obj
f:\protobuf-2.5.0\vsprojects\debug\descriptor.obj
f:\protobuf-2.5.0\vsprojects\debug\descriptor.pb.obj
f:\protobuf-2.5.0\vsprojects\debug\descriptor_database.obj
f:\protobuf-2.5.0\vsprojects\debug\dynamic_message.obj
f:\protobuf-2.5.0\vsprojects\debug\extension_set.obj
f:\protobuf-2.5.0\vsprojects\debug\extension_set_heavy.obj
f:\protobuf-2.5.0\vsprojects\debug\generated_message_reflection.obj
f:\protobuf-2.5.0\vsprojects\debug\generated_message_util.obj
f:\protobuf-2.5.0\vsprojects\debug\coded_stream.obj
f:\protobuf-2.5.0\vsprojects\debug\gzip_stream.obj
f:\protobuf-2.5.0\vsprojects\debug\printer.obj
f:\protobuf-2.5.0\vsprojects\debug\libprotobuf.tlog\cl.command.1.tlog
f:\protobuf-2.5.0\vsprojects\debug\libprotobuf.tlog\cl.read.1.tlog
f:\protobuf-2.5.0\vsprojects\debug\libprotobuf.tlog\cl.write.1.tlog
