生成启动时间为 2017/4/13 9:08:49。
     1>项目“F:\protobuf-2.5.0\vsprojects\protoc.vcxproj”在节点 2 上(Build 个目标)。
     1>C:\Program Files (x86)\MSBuild\Microsoft.Cpp\v4.0\V120\Microsoft.CppBuild.targets(388,5): warning MSB8028: The intermediate directory (Debug\) contains files shared from another project (libprotobuf-lite.vcxproj, libprotobuf.vcxproj, libprotoc.vcxproj).  This can lead to incorrect clean and rebuild behavior.
     1>ClCompile:
         D:\Program Files (x86)\Microsoft Visual Studio 12.0\VC\bin\CL.exe /c /I../src /I. /ZI /nologo /W3 /WX- /Od /Oy- /D WIN32 /D _DEBUG /D _CONSOLE /Gm /EHsc /RTC1 /MDd /GS /fp:precise /Zc:wchar_t /Zc:forScope /Fo"Debug\\" /Fd"Debug\vc120.pdb" /Gd /TP /analyze- /errorReport:prompt /wd4244 /wd4267 /wd4018 /wd4355 /wd4800 /wd4251 /wd4996 /wd4146 /wd4305 ..\src\google\protobuf\compiler\main.cc
         main.cc
     1>项目“F:\protobuf-2.5.0\vsprojects\protoc.vcxproj”(1)正在节点 2 上生成“F:\protobuf-2.5.0\vsprojects\libprotobuf.vcxproj”(2:3) (GetResolvedLinkLibs 个目标)。
     2>C:\Program Files (x86)\MSBuild\Microsoft.Cpp\v4.0\V120\Microsoft.CppBuild.targets(388,5): warning MSB8028: The intermediate directory (Debug\) contains files shared from another project (libprotobuf-lite.vcxproj, libprotoc.vcxproj, protoc.vcxproj).  This can lead to incorrect clean and rebuild behavior.
     2>已完成生成项目“F:\protobuf-2.5.0\vsprojects\libprotobuf.vcxproj”(GetResolvedLinkLibs 个目标)的操作。
     1>项目“F:\protobuf-2.5.0\vsprojects\protoc.vcxproj”(1)正在节点 1 上生成“F:\protobuf-2.5.0\vsprojects\libprotoc.vcxproj”(3:3) (GetResolvedLinkLibs 个目标)。
     3>C:\Program Files (x86)\MSBuild\Microsoft.Cpp\v4.0\V120\Microsoft.CppBuild.targets(388,5): warning MSB8028: The intermediate directory (Debug\) contains files shared from another project (libprotobuf-lite.vcxproj, libprotobuf.vcxproj, protoc.vcxproj).  This can lead to incorrect clean and rebuild behavior.
     3>已完成生成项目“F:\protobuf-2.5.0\vsprojects\libprotoc.vcxproj”(GetResolvedLinkLibs 个目标)的操作。
     1>Link:
         D:\Program Files (x86)\Microsoft Visual Studio 12.0\VC\bin\link.exe /ERRORREPORT:PROMPT /OUT:"Debug\protoc.exe" /INCREMENTAL /NOLOGO kernel32.lib user32.lib gdi32.lib winspool.lib comdlg32.lib advapi32.lib shell32.lib ole32.lib oleaut32.lib uuid.lib odbc32.lib odbccp32.lib /MANIFEST /MANIFESTUAC:"level='asInvoker' uiAccess='false'" /manifest:embed /DEBUG /PDB:"Debug\protoc.pdb" /SUBSYSTEM:CONSOLE /TLBID:1 /DYNAMICBASE /NXCOMPAT /IMPLIB:"Debug\protoc.lib" /MACHINE:X86 /SAFESEH Debug\main.obj
         "F:\protobuf-2.5.0\vsprojects\Debug\libprotobuf.lib"
         "F:\protobuf-2.5.0\vsprojects\Debug\libprotoc.lib"
     1>main.obj : warning LNK4075: 忽略“/EDITANDCONTINUE”(由于“/SAFESEH”规范)
         protoc.vcxproj -> F:\protobuf-2.5.0\vsprojects\Debug\protoc.exe
     1>已完成生成项目“F:\protobuf-2.5.0\vsprojects\protoc.vcxproj”(Build 个目标)的操作。

生成成功。

已用时间 00:00:03.54
